<?xml version="1.0" encoding="UTF-8"?><testsuite errors="0" failures="0" name="com.virgingames.virgingamestest.VirginGamesTest" skipped="0" tests="2" time="37.31" timestamp="2020-06-04T15:28:20.241+01:00[Europe/London]"><testcase classname="com.virgingames.virgingamestest.VirginGamesTest" name="This test will get and verify that all Games has defaultgamefrequency = 300000"/><testcase classname="com.virgingames.virgingamestest.VirginGamesTest" name="This test will verify that the startTime for all Games is always future timestamp i.e. startTimes is greater than timeStamp "/></testsuite>